[2017-02-14 18:11:00][debug] <xml><appid><![CDATA[wxb5aec13c030a530b]]></appid>
<attach><![CDATA[创意床头灯]]></attach>
<bank_type><![CDATA[CFT]]></bank_type>
<cash_fee><![CDATA[20]]></cash_fee>
<fee_type><![CDATA[CNY]]></fee_type>
<is_subscribe><![CDATA[N]]></is_subscribe>
<mch_id><![CDATA[1267579601]]></mch_id>
<nonce_str><![CDATA[u2z5gv0aqhoxzjx44sab1u121ddoun0j]]></nonce_str>
<openid><![CDATA[okRTqvpPRPq2WXM_1kXSAcQSZx2g]]></openid>
<out_trade_no><![CDATA[2017021427347]]></out_trade_no>
<result_code><![CDATA[SUCCESS]]></result_code>
<return_code><![CDATA[SUCCESS]]></return_code>
<sign><![CDATA[469CBE3A42B238FA616067159B76AE41]]></sign>
<time_end><![CDATA[20170214181059]]></time_end>
<total_fee>20</total_fee>
<trade_type><![CDATA[JSAPI]]></trade_type>
<transaction_id><![CDATA[4008732001201702149924232273]]></transaction_id>
</xml>
[2017-02-14 18:11:00][debug] call back:{"appid":"wxb5aec13c030a530b","attach":"\u521b\u610f\u5e8a\u5934\u706f","bank_type":"CFT","cash_fee":"20","fee_type":"CNY","is_subscribe":"N","mch_id":"1267579601","nonce_str":"u2z5gv0aqhoxzjx44sab1u121ddoun0j","openid":"okRTqvpPRPq2WXM_1kXSAcQSZx2g","out_trade_no":"2017021427347","result_code":"SUCCESS","return_code":"SUCCESS","sign":"469CBE3A42B238FA616067159B76AE41","time_end":"20170214181059","total_fee":"20","trade_type":"JSAPI","transaction_id":"4008732001201702149924232273"}
[2017-02-14 18:11:00][debug] query:{"appid":"wxb5aec13c030a530b","attach":"\u521b\u610f\u5e8a\u5934\u706f","bank_type":"CFT","cash_fee":"20","fee_type":"CNY","is_subscribe":"N","mch_id":"1267579601","nonce_str":"AVMySPVL74o6C1ku","openid":"okRTqvpPRPq2WXM_1kXSAcQSZx2g","out_trade_no":"2017021427347","result_code":"SUCCESS","return_code":"SUCCESS","return_msg":"OK","sign":"C44DC6233D865DBDCA6D43D9FC19A91F","time_end":"20170214181059","total_fee":"20","trade_state":"SUCCESS","trade_type":"JSAPI","transaction_id":"4008732001201702149924232273"}
[2017-02-14 18:16:31][debug] <xml><appid><![CDATA[wxb5aec13c030a530b]]></appid>
<attach><![CDATA[创意床头灯]]></attach>
<bank_type><![CDATA[CFT]]></bank_type>
<cash_fee><![CDATA[12]]></cash_fee>
<fee_type><![CDATA[CNY]]></fee_type>
<is_subscribe><![CDATA[N]]></is_subscribe>
<mch_id><![CDATA[1267579601]]></mch_id>
<nonce_str><![CDATA[wcy1iqb8om8dj3xuyrgo1h32yribbpfa]]></nonce_str>
<openid><![CDATA[okRTqvpPRPq2WXM_1kXSAcQSZx2g]]></openid>
<out_trade_no><![CDATA[2017021421152]]></out_trade_no>
<result_code><![CDATA[SUCCESS]]></result_code>
<return_code><![CDATA[SUCCESS]]></return_code>
<sign><![CDATA[E9E835C3FAD3A156F77BDCB4755BC577]]></sign>
<time_end><![CDATA[20170214181631]]></time_end>
<total_fee>12</total_fee>
<trade_type><![CDATA[JSAPI]]></trade_type>
<transaction_id><![CDATA[4008732001201702149926119325]]></transaction_id>
</xml>
[2017-02-14 18:16:31][debug] call back:{"appid":"wxb5aec13c030a530b","attach":"\u521b\u610f\u5e8a\u5934\u706f","bank_type":"CFT","cash_fee":"12","fee_type":"CNY","is_subscribe":"N","mch_id":"1267579601","nonce_str":"wcy1iqb8om8dj3xuyrgo1h32yribbpfa","openid":"okRTqvpPRPq2WXM_1kXSAcQSZx2g","out_trade_no":"2017021421152","result_code":"SUCCESS","return_code":"SUCCESS","sign":"E9E835C3FAD3A156F77BDCB4755BC577","time_end":"20170214181631","total_fee":"12","trade_type":"JSAPI","transaction_id":"4008732001201702149926119325"}
[2017-02-14 18:16:32][debug] query:{"appid":"wxb5aec13c030a530b","attach":"\u521b\u610f\u5e8a\u5934\u706f","bank_type":"CFT","cash_fee":"12","fee_type":"CNY","is_subscribe":"N","mch_id":"1267579601","nonce_str":"rb4CHcAJXTuac4wK","openid":"okRTqvpPRPq2WXM_1kXSAcQSZx2g","out_trade_no":"2017021421152","result_code":"SUCCESS","return_code":"SUCCESS","return_msg":"OK","sign":"0D4FACC5E43A56AA30E931FA6914D6B3","time_end":"20170214181631","total_fee":"12","trade_state":"SUCCESS","trade_type":"JSAPI","transaction_id":"4008732001201702149926119325"}
[2017-02-14 19:26:49][debug] <xml><appid><![CDATA[wxb5aec13c030a530b]]></appid>
<attach><![CDATA[创意床头灯]]></attach>
<bank_type><![CDATA[CFT]]></bank_type>
<cash_fee><![CDATA[2]]></cash_fee>
<fee_type><![CDATA[CNY]]></fee_type>
<is_subscribe><![CDATA[N]]></is_subscribe>
<mch_id><![CDATA[1267579601]]></mch_id>
<nonce_str><![CDATA[t4ajyjjisvpnhawtiqwuiuwfmowdf1wr]]></nonce_str>
<openid><![CDATA[okRTqvpPRPq2WXM_1kXSAcQSZx2g]]></openid>
<out_trade_no><![CDATA[2017021458762]]></out_trade_no>
<result_code><![CDATA[SUCCESS]]></result_code>
<return_code><![CDATA[SUCCESS]]></return_code>
<sign><![CDATA[E2FE73C6A7C2291498AD55185835D317]]></sign>
<time_end><![CDATA[20170214192648]]></time_end>
<total_fee>2</total_fee>
<trade_type><![CDATA[JSAPI]]></trade_type>
<transaction_id><![CDATA[4008732001201702149940614807]]></transaction_id>
</xml>
[2017-02-14 19:26:49][debug] call back:{"appid":"wxb5aec13c030a530b","attach":"\u521b\u610f\u5e8a\u5934\u706f","bank_type":"CFT","cash_fee":"2","fee_type":"CNY","is_subscribe":"N","mch_id":"1267579601","nonce_str":"t4ajyjjisvpnhawtiqwuiuwfmowdf1wr","openid":"okRTqvpPRPq2WXM_1kXSAcQSZx2g","out_trade_no":"2017021458762","result_code":"SUCCESS","return_code":"SUCCESS","sign":"E2FE73C6A7C2291498AD55185835D317","time_end":"20170214192648","total_fee":"2","trade_type":"JSAPI","transaction_id":"4008732001201702149940614807"}
[2017-02-14 19:26:49][debug] query:{"appid":"wxb5aec13c030a530b","attach":"\u521b\u610f\u5e8a\u5934\u706f","bank_type":"CFT","cash_fee":"2","fee_type":"CNY","is_subscribe":"N","mch_id":"1267579601","nonce_str":"pe7R0EHDsNtcBmb1","openid":"okRTqvpPRPq2WXM_1kXSAcQSZx2g","out_trade_no":"2017021458762","result_code":"SUCCESS","return_code":"SUCCESS","return_msg":"OK","sign":"8B0F917213AE8ED91A7A07ACF9583837","time_end":"20170214192648","total_fee":"2","trade_state":"SUCCESS","trade_type":"JSAPI","transaction_id":"4008732001201702149940614807"}
[2017-02-14 22:16:11][debug] 
[2017-02-14 22:16:15][debug] 
