[2017-02-15 10:19:25][debug] <xml><appid><![CDATA[wxf710583f433c07fe]]></appid>
<attach><![CDATA[创意床头灯]]></attach>
<bank_type><![CDATA[CFT]]></bank_type>
<cash_fee><![CDATA[2]]></cash_fee>
<fee_type><![CDATA[CNY]]></fee_type>
<is_subscribe><![CDATA[Y]]></is_subscribe>
<mch_id><![CDATA[1390471602]]></mch_id>
<nonce_str><![CDATA[h1xiqe9ydficpq24illbq8k3m8ms7d5r]]></nonce_str>
<openid><![CDATA[ohj7es9IPNfuZVszGVULOUjv8xFk]]></openid>
<out_trade_no><![CDATA[2017021460401]]></out_trade_no>
<result_code><![CDATA[SUCCESS]]></result_code>
<return_code><![CDATA[SUCCESS]]></return_code>
<sign><![CDATA[114DF74B1C07DFD0E88E454A3CD10E36]]></sign>
<time_end><![CDATA[20170215101924]]></time_end>
<total_fee>2</total_fee>
<trade_type><![CDATA[JSAPI]]></trade_type>
<transaction_id><![CDATA[4008732001201702159996808233]]></transaction_id>
</xml>
[2017-02-15 10:19:36][debug] <xml><appid><![CDATA[wxf710583f433c07fe]]></appid>
<attach><![CDATA[创意床头灯]]></attach>
<bank_type><![CDATA[CFT]]></bank_type>
<cash_fee><![CDATA[2]]></cash_fee>
<fee_type><![CDATA[CNY]]></fee_type>
<is_subscribe><![CDATA[Y]]></is_subscribe>
<mch_id><![CDATA[1390471602]]></mch_id>
<nonce_str><![CDATA[h1xiqe9ydficpq24illbq8k3m8ms7d5r]]></nonce_str>
<openid><![CDATA[ohj7es9IPNfuZVszGVULOUjv8xFk]]></openid>
<out_trade_no><![CDATA[2017021460401]]></out_trade_no>
<result_code><![CDATA[SUCCESS]]></result_code>
<return_code><![CDATA[SUCCESS]]></return_code>
<sign><![CDATA[114DF74B1C07DFD0E88E454A3CD10E36]]></sign>
<time_end><![CDATA[20170215101924]]></time_end>
<total_fee>2</total_fee>
<trade_type><![CDATA[JSAPI]]></trade_type>
<transaction_id><![CDATA[4008732001201702159996808233]]></transaction_id>
</xml>
[2017-02-15 10:19:53][debug] <xml><appid><![CDATA[wxf710583f433c07fe]]></appid>
<attach><![CDATA[创意床头灯]]></attach>
<bank_type><![CDATA[CFT]]></bank_type>
<cash_fee><![CDATA[2]]></cash_fee>
<fee_type><![CDATA[CNY]]></fee_type>
<is_subscribe><![CDATA[Y]]></is_subscribe>
<mch_id><![CDATA[1390471602]]></mch_id>
<nonce_str><![CDATA[h1xiqe9ydficpq24illbq8k3m8ms7d5r]]></nonce_str>
<openid><![CDATA[ohj7es9IPNfuZVszGVULOUjv8xFk]]></openid>
<out_trade_no><![CDATA[2017021460401]]></out_trade_no>
<result_code><![CDATA[SUCCESS]]></result_code>
<return_code><![CDATA[SUCCESS]]></return_code>
<sign><![CDATA[114DF74B1C07DFD0E88E454A3CD10E36]]></sign>
<time_end><![CDATA[20170215101924]]></time_end>
<total_fee>2</total_fee>
<trade_type><![CDATA[JSAPI]]></trade_type>
<transaction_id><![CDATA[4008732001201702159996808233]]></transaction_id>
</xml>
[2017-02-15 10:20:26][debug] <xml><appid><![CDATA[wxf710583f433c07fe]]></appid>
<attach><![CDATA[创意床头灯]]></attach>
<bank_type><![CDATA[CFT]]></bank_type>
<cash_fee><![CDATA[2]]></cash_fee>
<fee_type><![CDATA[CNY]]></fee_type>
<is_subscribe><![CDATA[Y]]></is_subscribe>
<mch_id><![CDATA[1390471602]]></mch_id>
<nonce_str><![CDATA[h1xiqe9ydficpq24illbq8k3m8ms7d5r]]></nonce_str>
<openid><![CDATA[ohj7es9IPNfuZVszGVULOUjv8xFk]]></openid>
<out_trade_no><![CDATA[2017021460401]]></out_trade_no>
<result_code><![CDATA[SUCCESS]]></result_code>
<return_code><![CDATA[SUCCESS]]></return_code>
<sign><![CDATA[114DF74B1C07DFD0E88E454A3CD10E36]]></sign>
<time_end><![CDATA[20170215101924]]></time_end>
<total_fee>2</total_fee>
<trade_type><![CDATA[JSAPI]]></trade_type>
<transaction_id><![CDATA[4008732001201702159996808233]]></transaction_id>
</xml>
[2017-02-15 10:23:28][debug] <xml><appid><![CDATA[wxf710583f433c07fe]]></appid>
<attach><![CDATA[创意床头灯]]></attach>
<bank_type><![CDATA[CFT]]></bank_type>
<cash_fee><![CDATA[2]]></cash_fee>
<fee_type><![CDATA[CNY]]></fee_type>
<is_subscribe><![CDATA[Y]]></is_subscribe>
<mch_id><![CDATA[1390471602]]></mch_id>
<nonce_str><![CDATA[h1xiqe9ydficpq24illbq8k3m8ms7d5r]]></nonce_str>
<openid><![CDATA[ohj7es9IPNfuZVszGVULOUjv8xFk]]></openid>
<out_trade_no><![CDATA[2017021460401]]></out_trade_no>
<result_code><![CDATA[SUCCESS]]></result_code>
<return_code><![CDATA[SUCCESS]]></return_code>
<sign><![CDATA[114DF74B1C07DFD0E88E454A3CD10E36]]></sign>
<time_end><![CDATA[20170215101924]]></time_end>
<total_fee>2</total_fee>
<trade_type><![CDATA[JSAPI]]></trade_type>
<transaction_id><![CDATA[4008732001201702159996808233]]></transaction_id>
</xml>
[2017-02-15 10:53:31][debug] <xml><appid><![CDATA[wxf710583f433c07fe]]></appid>
<attach><![CDATA[创意床头灯]]></attach>
<bank_type><![CDATA[CFT]]></bank_type>
<cash_fee><![CDATA[2]]></cash_fee>
<fee_type><![CDATA[CNY]]></fee_type>
<is_subscribe><![CDATA[Y]]></is_subscribe>
<mch_id><![CDATA[1390471602]]></mch_id>
<nonce_str><![CDATA[h1xiqe9ydficpq24illbq8k3m8ms7d5r]]></nonce_str>
<openid><![CDATA[ohj7es9IPNfuZVszGVULOUjv8xFk]]></openid>
<out_trade_no><![CDATA[2017021460401]]></out_trade_no>
<result_code><![CDATA[SUCCESS]]></result_code>
<return_code><![CDATA[SUCCESS]]></return_code>
<sign><![CDATA[114DF74B1C07DFD0E88E454A3CD10E36]]></sign>
<time_end><![CDATA[20170215101924]]></time_end>
<total_fee>2</total_fee>
<trade_type><![CDATA[JSAPI]]></trade_type>
<transaction_id><![CDATA[4008732001201702159996808233]]></transaction_id>
</xml>
[2017-02-15 10:58:02][debug] <xml><appid><![CDATA[wxf710583f433c07fe]]></appid>
<attach><![CDATA[砖心]]></attach>
<bank_type><![CDATA[CFT]]></bank_type>
<cash_fee><![CDATA[9900]]></cash_fee>
<fee_type><![CDATA[CNY]]></fee_type>
<is_subscribe><![CDATA[Y]]></is_subscribe>
<mch_id><![CDATA[1390471602]]></mch_id>
<nonce_str><![CDATA[6qk51dcusktcqw6khpy8udq1caifxs4y]]></nonce_str>
<openid><![CDATA[ohj7es7zAfnYIt7pD-AgxOi6i9Fc]]></openid>
<out_trade_no><![CDATA[2017021555084]]></out_trade_no>
<result_code><![CDATA[SUCCESS]]></result_code>
<return_code><![CDATA[SUCCESS]]></return_code>
<sign><![CDATA[337D32FF6EF8DAEA7D33DD7688B2949F]]></sign>
<time_end><![CDATA[20170215105802]]></time_end>
<total_fee>9900</total_fee>
<trade_type><![CDATA[JSAPI]]></trade_type>
<transaction_id><![CDATA[4006832001201702150000803459]]></transaction_id>
</xml>
[2017-02-15 10:58:10][debug] <xml><appid><![CDATA[wxf710583f433c07fe]]></appid>
<attach><![CDATA[砖心]]></attach>
<bank_type><![CDATA[CFT]]></bank_type>
<cash_fee><![CDATA[9900]]></cash_fee>
<fee_type><![CDATA[CNY]]></fee_type>
<is_subscribe><![CDATA[Y]]></is_subscribe>
<mch_id><![CDATA[1390471602]]></mch_id>
<nonce_str><![CDATA[6qk51dcusktcqw6khpy8udq1caifxs4y]]></nonce_str>
<openid><![CDATA[ohj7es7zAfnYIt7pD-AgxOi6i9Fc]]></openid>
<out_trade_no><![CDATA[2017021555084]]></out_trade_no>
<result_code><![CDATA[SUCCESS]]></result_code>
<return_code><![CDATA[SUCCESS]]></return_code>
<sign><![CDATA[337D32FF6EF8DAEA7D33DD7688B2949F]]></sign>
<time_end><![CDATA[20170215105802]]></time_end>
<total_fee>9900</total_fee>
<trade_type><![CDATA[JSAPI]]></trade_type>
<transaction_id><![CDATA[4006832001201702150000803459]]></transaction_id>
</xml>
[2017-02-15 10:58:27][debug] <xml><appid><![CDATA[wxf710583f433c07fe]]></appid>
<attach><![CDATA[砖心]]></attach>
<bank_type><![CDATA[CFT]]></bank_type>
<cash_fee><![CDATA[9900]]></cash_fee>
<fee_type><![CDATA[CNY]]></fee_type>
<is_subscribe><![CDATA[Y]]></is_subscribe>
<mch_id><![CDATA[1390471602]]></mch_id>
<nonce_str><![CDATA[6qk51dcusktcqw6khpy8udq1caifxs4y]]></nonce_str>
<openid><![CDATA[ohj7es7zAfnYIt7pD-AgxOi6i9Fc]]></openid>
<out_trade_no><![CDATA[2017021555084]]></out_trade_no>
<result_code><![CDATA[SUCCESS]]></result_code>
<return_code><![CDATA[SUCCESS]]></return_code>
<sign><![CDATA[337D32FF6EF8DAEA7D33DD7688B2949F]]></sign>
<time_end><![CDATA[20170215105802]]></time_end>
<total_fee>9900</total_fee>
<trade_type><![CDATA[JSAPI]]></trade_type>
<transaction_id><![CDATA[4006832001201702150000803459]]></transaction_id>
</xml>
[2017-02-15 10:59:00][debug] <xml><appid><![CDATA[wxf710583f433c07fe]]></appid>
<attach><![CDATA[砖心]]></attach>
<bank_type><![CDATA[CFT]]></bank_type>
<cash_fee><![CDATA[9900]]></cash_fee>
<fee_type><![CDATA[CNY]]></fee_type>
<is_subscribe><![CDATA[Y]]></is_subscribe>
<mch_id><![CDATA[1390471602]]></mch_id>
<nonce_str><![CDATA[6qk51dcusktcqw6khpy8udq1caifxs4y]]></nonce_str>
<openid><![CDATA[ohj7es7zAfnYIt7pD-AgxOi6i9Fc]]></openid>
<out_trade_no><![CDATA[2017021555084]]></out_trade_no>
<result_code><![CDATA[SUCCESS]]></result_code>
<return_code><![CDATA[SUCCESS]]></return_code>
<sign><![CDATA[337D32FF6EF8DAEA7D33DD7688B2949F]]></sign>
<time_end><![CDATA[20170215105802]]></time_end>
<total_fee>9900</total_fee>
<trade_type><![CDATA[JSAPI]]></trade_type>
<transaction_id><![CDATA[4006832001201702150000803459]]></transaction_id>
</xml>
[2017-02-15 11:02:02][debug] <xml><appid><![CDATA[wxf710583f433c07fe]]></appid>
<attach><![CDATA[砖心]]></attach>
<bank_type><![CDATA[CFT]]></bank_type>
<cash_fee><![CDATA[9900]]></cash_fee>
<fee_type><![CDATA[CNY]]></fee_type>
<is_subscribe><![CDATA[Y]]></is_subscribe>
<mch_id><![CDATA[1390471602]]></mch_id>
<nonce_str><![CDATA[6qk51dcusktcqw6khpy8udq1caifxs4y]]></nonce_str>
<openid><![CDATA[ohj7es7zAfnYIt7pD-AgxOi6i9Fc]]></openid>
<out_trade_no><![CDATA[2017021555084]]></out_trade_no>
<result_code><![CDATA[SUCCESS]]></result_code>
<return_code><![CDATA[SUCCESS]]></return_code>
<sign><![CDATA[337D32FF6EF8DAEA7D33DD7688B2949F]]></sign>
<time_end><![CDATA[20170215105802]]></time_end>
<total_fee>9900</total_fee>
<trade_type><![CDATA[JSAPI]]></trade_type>
<transaction_id><![CDATA[4006832001201702150000803459]]></transaction_id>
</xml>
[2017-02-15 11:23:33][debug] <xml><appid><![CDATA[wxf710583f433c07fe]]></appid>
<attach><![CDATA[创意床头灯]]></attach>
<bank_type><![CDATA[CFT]]></bank_type>
<cash_fee><![CDATA[2]]></cash_fee>
<fee_type><![CDATA[CNY]]></fee_type>
<is_subscribe><![CDATA[Y]]></is_subscribe>
<mch_id><![CDATA[1390471602]]></mch_id>
<nonce_str><![CDATA[h1xiqe9ydficpq24illbq8k3m8ms7d5r]]></nonce_str>
<openid><![CDATA[ohj7es9IPNfuZVszGVULOUjv8xFk]]></openid>
<out_trade_no><![CDATA[2017021460401]]></out_trade_no>
<result_code><![CDATA[SUCCESS]]></result_code>
<return_code><![CDATA[SUCCESS]]></return_code>
<sign><![CDATA[114DF74B1C07DFD0E88E454A3CD10E36]]></sign>
<time_end><![CDATA[20170215101924]]></time_end>
<total_fee>2</total_fee>
<trade_type><![CDATA[JSAPI]]></trade_type>
<transaction_id><![CDATA[4008732001201702159996808233]]></transaction_id>
</xml>
[2017-02-15 11:32:04][debug] <xml><appid><![CDATA[wxf710583f433c07fe]]></appid>
<attach><![CDATA[砖心]]></attach>
<bank_type><![CDATA[CFT]]></bank_type>
<cash_fee><![CDATA[9900]]></cash_fee>
<fee_type><![CDATA[CNY]]></fee_type>
<is_subscribe><![CDATA[Y]]></is_subscribe>
<mch_id><![CDATA[1390471602]]></mch_id>
<nonce_str><![CDATA[6qk51dcusktcqw6khpy8udq1caifxs4y]]></nonce_str>
<openid><![CDATA[ohj7es7zAfnYIt7pD-AgxOi6i9Fc]]></openid>
<out_trade_no><![CDATA[2017021555084]]></out_trade_no>
<result_code><![CDATA[SUCCESS]]></result_code>
<return_code><![CDATA[SUCCESS]]></return_code>
<sign><![CDATA[337D32FF6EF8DAEA7D33DD7688B2949F]]></sign>
<time_end><![CDATA[20170215105802]]></time_end>
<total_fee>9900</total_fee>
<trade_type><![CDATA[JSAPI]]></trade_type>
<transaction_id><![CDATA[4006832001201702150000803459]]></transaction_id>
</xml>
[2017-02-15 11:53:35][debug] <xml><appid><![CDATA[wxf710583f433c07fe]]></appid>
<attach><![CDATA[创意床头灯]]></attach>
<bank_type><![CDATA[CFT]]></bank_type>
<cash_fee><![CDATA[2]]></cash_fee>
<fee_type><![CDATA[CNY]]></fee_type>
<is_subscribe><![CDATA[Y]]></is_subscribe>
<mch_id><![CDATA[1390471602]]></mch_id>
<nonce_str><![CDATA[h1xiqe9ydficpq24illbq8k3m8ms7d5r]]></nonce_str>
<openid><![CDATA[ohj7es9IPNfuZVszGVULOUjv8xFk]]></openid>
<out_trade_no><![CDATA[2017021460401]]></out_trade_no>
<result_code><![CDATA[SUCCESS]]></result_code>
<return_code><![CDATA[SUCCESS]]></return_code>
<sign><![CDATA[114DF74B1C07DFD0E88E454A3CD10E36]]></sign>
<time_end><![CDATA[20170215101924]]></time_end>
<total_fee>2</total_fee>
<trade_type><![CDATA[JSAPI]]></trade_type>
<transaction_id><![CDATA[4008732001201702159996808233]]></transaction_id>
</xml>
[2017-02-15 12:02:05][debug] <xml><appid><![CDATA[wxf710583f433c07fe]]></appid>
<attach><![CDATA[砖心]]></attach>
<bank_type><![CDATA[CFT]]></bank_type>
<cash_fee><![CDATA[9900]]></cash_fee>
<fee_type><![CDATA[CNY]]></fee_type>
<is_subscribe><![CDATA[Y]]></is_subscribe>
<mch_id><![CDATA[1390471602]]></mch_id>
<nonce_str><![CDATA[6qk51dcusktcqw6khpy8udq1caifxs4y]]></nonce_str>
<openid><![CDATA[ohj7es7zAfnYIt7pD-AgxOi6i9Fc]]></openid>
<out_trade_no><![CDATA[2017021555084]]></out_trade_no>
<result_code><![CDATA[SUCCESS]]></result_code>
<return_code><![CDATA[SUCCESS]]></return_code>
<sign><![CDATA[337D32FF6EF8DAEA7D33DD7688B2949F]]></sign>
<time_end><![CDATA[20170215105802]]></time_end>
<total_fee>9900</total_fee>
<trade_type><![CDATA[JSAPI]]></trade_type>
<transaction_id><![CDATA[4006832001201702150000803459]]></transaction_id>
</xml>
[2017-02-15 12:23:36][debug] <xml><appid><![CDATA[wxf710583f433c07fe]]></appid>
<attach><![CDATA[创意床头灯]]></attach>
<bank_type><![CDATA[CFT]]></bank_type>
<cash_fee><![CDATA[2]]></cash_fee>
<fee_type><![CDATA[CNY]]></fee_type>
<is_subscribe><![CDATA[Y]]></is_subscribe>
<mch_id><![CDATA[1390471602]]></mch_id>
<nonce_str><![CDATA[h1xiqe9ydficpq24illbq8k3m8ms7d5r]]></nonce_str>
<openid><![CDATA[ohj7es9IPNfuZVszGVULOUjv8xFk]]></openid>
<out_trade_no><![CDATA[2017021460401]]></out_trade_no>
<result_code><![CDATA[SUCCESS]]></result_code>
<return_code><![CDATA[SUCCESS]]></return_code>
<sign><![CDATA[114DF74B1C07DFD0E88E454A3CD10E36]]></sign>
<time_end><![CDATA[20170215101924]]></time_end>
<total_fee>2</total_fee>
<trade_type><![CDATA[JSAPI]]></trade_type>
<transaction_id><![CDATA[4008732001201702159996808233]]></transaction_id>
</xml>
[2017-02-15 12:32:07][debug] <xml><appid><![CDATA[wxf710583f433c07fe]]></appid>
<attach><![CDATA[砖心]]></attach>
<bank_type><![CDATA[CFT]]></bank_type>
<cash_fee><![CDATA[9900]]></cash_fee>
<fee_type><![CDATA[CNY]]></fee_type>
<is_subscribe><![CDATA[Y]]></is_subscribe>
<mch_id><![CDATA[1390471602]]></mch_id>
<nonce_str><![CDATA[6qk51dcusktcqw6khpy8udq1caifxs4y]]></nonce_str>
<openid><![CDATA[ohj7es7zAfnYIt7pD-AgxOi6i9Fc]]></openid>
<out_trade_no><![CDATA[2017021555084]]></out_trade_no>
<result_code><![CDATA[SUCCESS]]></result_code>
<return_code><![CDATA[SUCCESS]]></return_code>
<sign><![CDATA[337D32FF6EF8DAEA7D33DD7688B2949F]]></sign>
<time_end><![CDATA[20170215105802]]></time_end>
<total_fee>9900</total_fee>
<trade_type><![CDATA[JSAPI]]></trade_type>
<transaction_id><![CDATA[4006832001201702150000803459]]></transaction_id>
</xml>
[2017-02-15 13:02:09][debug] <xml><appid><![CDATA[wxf710583f433c07fe]]></appid>
<attach><![CDATA[砖心]]></attach>
<bank_type><![CDATA[CFT]]></bank_type>
<cash_fee><![CDATA[9900]]></cash_fee>
<fee_type><![CDATA[CNY]]></fee_type>
<is_subscribe><![CDATA[Y]]></is_subscribe>
<mch_id><![CDATA[1390471602]]></mch_id>
<nonce_str><![CDATA[6qk51dcusktcqw6khpy8udq1caifxs4y]]></nonce_str>
<openid><![CDATA[ohj7es7zAfnYIt7pD-AgxOi6i9Fc]]></openid>
<out_trade_no><![CDATA[2017021555084]]></out_trade_no>
<result_code><![CDATA[SUCCESS]]></result_code>
<return_code><![CDATA[SUCCESS]]></return_code>
<sign><![CDATA[337D32FF6EF8DAEA7D33DD7688B2949F]]></sign>
<time_end><![CDATA[20170215105802]]></time_end>
<total_fee>9900</total_fee>
<trade_type><![CDATA[JSAPI]]></trade_type>
<transaction_id><![CDATA[4006832001201702150000803459]]></transaction_id>
</xml>
[2017-02-15 13:23:38][debug] <xml><appid><![CDATA[wxf710583f433c07fe]]></appid>
<attach><![CDATA[创意床头灯]]></attach>
<bank_type><![CDATA[CFT]]></bank_type>
<cash_fee><![CDATA[2]]></cash_fee>
<fee_type><![CDATA[CNY]]></fee_type>
<is_subscribe><![CDATA[Y]]></is_subscribe>
<mch_id><![CDATA[1390471602]]></mch_id>
<nonce_str><![CDATA[h1xiqe9ydficpq24illbq8k3m8ms7d5r]]></nonce_str>
<openid><![CDATA[ohj7es9IPNfuZVszGVULOUjv8xFk]]></openid>
<out_trade_no><![CDATA[2017021460401]]></out_trade_no>
<result_code><![CDATA[SUCCESS]]></result_code>
<return_code><![CDATA[SUCCESS]]></return_code>
<sign><![CDATA[114DF74B1C07DFD0E88E454A3CD10E36]]></sign>
<time_end><![CDATA[20170215101924]]></time_end>
<total_fee>2</total_fee>
<trade_type><![CDATA[JSAPI]]></trade_type>
<transaction_id><![CDATA[4008732001201702159996808233]]></transaction_id>
</xml>
[2017-02-15 14:02:12][debug] <xml><appid><![CDATA[wxf710583f433c07fe]]></appid>
<attach><![CDATA[砖心]]></attach>
<bank_type><![CDATA[CFT]]></bank_type>
<cash_fee><![CDATA[9900]]></cash_fee>
<fee_type><![CDATA[CNY]]></fee_type>
<is_subscribe><![CDATA[Y]]></is_subscribe>
<mch_id><![CDATA[1390471602]]></mch_id>
<nonce_str><![CDATA[6qk51dcusktcqw6khpy8udq1caifxs4y]]></nonce_str>
<openid><![CDATA[ohj7es7zAfnYIt7pD-AgxOi6i9Fc]]></openid>
<out_trade_no><![CDATA[2017021555084]]></out_trade_no>
<result_code><![CDATA[SUCCESS]]></result_code>
<return_code><![CDATA[SUCCESS]]></return_code>
<sign><![CDATA[337D32FF6EF8DAEA7D33DD7688B2949F]]></sign>
<time_end><![CDATA[20170215105802]]></time_end>
<total_fee>9900</total_fee>
<trade_type><![CDATA[JSAPI]]></trade_type>
<transaction_id><![CDATA[4006832001201702150000803459]]></transaction_id>
</xml>
[2017-02-15 16:38:11][debug] <xml><appid><![CDATA[wxf710583f433c07fe]]></appid>
<attach><![CDATA[菠萝灯（测试款不发货）]]></attach>
<bank_type><![CDATA[ICBC_DEBIT]]></bank_type>
<cash_fee><![CDATA[12]]></cash_fee>
<fee_type><![CDATA[CNY]]></fee_type>
<is_subscribe><![CDATA[N]]></is_subscribe>
<mch_id><![CDATA[1390471602]]></mch_id>
<nonce_str><![CDATA[bchht7emg35eagon7v880g7kgo2kl0sx]]></nonce_str>
<openid><![CDATA[ohj7es_ysrFdOUoER-u8o9rcrKa4]]></openid>
<out_trade_no><![CDATA[2017021573694]]></out_trade_no>
<result_code><![CDATA[SUCCESS]]></result_code>
<return_code><![CDATA[SUCCESS]]></return_code>
<sign><![CDATA[A6CAEF8FB84D9297AF756FF3ED322A39]]></sign>
<time_end><![CDATA[20170215163811]]></time_end>
<total_fee>12</total_fee>
<trade_type><![CDATA[NATIVE]]></trade_type>
<transaction_id><![CDATA[4004922001201702150038757647]]></transaction_id>
</xml>
[2017-02-15 16:38:22][debug] <xml><appid><![CDATA[wxf710583f433c07fe]]></appid>
<attach><![CDATA[菠萝灯（测试款不发货）]]></attach>
<bank_type><![CDATA[ICBC_DEBIT]]></bank_type>
<cash_fee><![CDATA[12]]></cash_fee>
<fee_type><![CDATA[CNY]]></fee_type>
<is_subscribe><![CDATA[N]]></is_subscribe>
<mch_id><![CDATA[1390471602]]></mch_id>
<nonce_str><![CDATA[bchht7emg35eagon7v880g7kgo2kl0sx]]></nonce_str>
<openid><![CDATA[ohj7es_ysrFdOUoER-u8o9rcrKa4]]></openid>
<out_trade_no><![CDATA[2017021573694]]></out_trade_no>
<result_code><![CDATA[SUCCESS]]></result_code>
<return_code><![CDATA[SUCCESS]]></return_code>
<sign><![CDATA[A6CAEF8FB84D9297AF756FF3ED322A39]]></sign>
<time_end><![CDATA[20170215163811]]></time_end>
<total_fee>12</total_fee>
<trade_type><![CDATA[NATIVE]]></trade_type>
<transaction_id><![CDATA[4004922001201702150038757647]]></transaction_id>
</xml>
[2017-02-15 16:38:39][debug] <xml><appid><![CDATA[wxf710583f433c07fe]]></appid>
<attach><![CDATA[菠萝灯（测试款不发货）]]></attach>
<bank_type><![CDATA[ICBC_DEBIT]]></bank_type>
<cash_fee><![CDATA[12]]></cash_fee>
<fee_type><![CDATA[CNY]]></fee_type>
<is_subscribe><![CDATA[N]]></is_subscribe>
<mch_id><![CDATA[1390471602]]></mch_id>
<nonce_str><![CDATA[bchht7emg35eagon7v880g7kgo2kl0sx]]></nonce_str>
<openid><![CDATA[ohj7es_ysrFdOUoER-u8o9rcrKa4]]></openid>
<out_trade_no><![CDATA[2017021573694]]></out_trade_no>
<result_code><![CDATA[SUCCESS]]></result_code>
<return_code><![CDATA[SUCCESS]]></return_code>
<sign><![CDATA[A6CAEF8FB84D9297AF756FF3ED322A39]]></sign>
<time_end><![CDATA[20170215163811]]></time_end>
<total_fee>12</total_fee>
<trade_type><![CDATA[NATIVE]]></trade_type>
<transaction_id><![CDATA[4004922001201702150038757647]]></transaction_id>
</xml>
[2017-02-15 16:39:12][debug] <xml><appid><![CDATA[wxf710583f433c07fe]]></appid>
<attach><![CDATA[菠萝灯（测试款不发货）]]></attach>
<bank_type><![CDATA[ICBC_DEBIT]]></bank_type>
<cash_fee><![CDATA[12]]></cash_fee>
<fee_type><![CDATA[CNY]]></fee_type>
<is_subscribe><![CDATA[N]]></is_subscribe>
<mch_id><![CDATA[1390471602]]></mch_id>
<nonce_str><![CDATA[bchht7emg35eagon7v880g7kgo2kl0sx]]></nonce_str>
<openid><![CDATA[ohj7es_ysrFdOUoER-u8o9rcrKa4]]></openid>
<out_trade_no><![CDATA[2017021573694]]></out_trade_no>
<result_code><![CDATA[SUCCESS]]></result_code>
<return_code><![CDATA[SUCCESS]]></return_code>
<sign><![CDATA[A6CAEF8FB84D9297AF756FF3ED322A39]]></sign>
<time_end><![CDATA[20170215163811]]></time_end>
<total_fee>12</total_fee>
<trade_type><![CDATA[NATIVE]]></trade_type>
<transaction_id><![CDATA[4004922001201702150038757647]]></transaction_id>
</xml>
[2017-02-15 16:40:30][debug] <xml><appid><![CDATA[wxf710583f433c07fe]]></appid>
<attach><![CDATA[菠萝灯（测试款不发货）]]></attach>
<bank_type><![CDATA[ICBC_DEBIT]]></bank_type>
<cash_fee><![CDATA[12]]></cash_fee>
<fee_type><![CDATA[CNY]]></fee_type>
<is_subscribe><![CDATA[N]]></is_subscribe>
<mch_id><![CDATA[1390471602]]></mch_id>
<nonce_str><![CDATA[8m2e51pcq8kym8107ki1an2xf7g47ml4]]></nonce_str>
<openid><![CDATA[ohj7es_ysrFdOUoER-u8o9rcrKa4]]></openid>
<out_trade_no><![CDATA[2017021506860]]></out_trade_no>
<result_code><![CDATA[SUCCESS]]></result_code>
<return_code><![CDATA[SUCCESS]]></return_code>
<sign><![CDATA[5D1711B88E5B8F633F1E1C9F2662C1DB]]></sign>
<time_end><![CDATA[20170215164029]]></time_end>
<total_fee>12</total_fee>
<trade_type><![CDATA[NATIVE]]></trade_type>
<transaction_id><![CDATA[4004922001201702150038779359]]></transaction_id>
</xml>
[2017-02-15 16:40:39][debug] <xml><appid><![CDATA[wxf710583f433c07fe]]></appid>
<attach><![CDATA[菠萝灯（测试款不发货）]]></attach>
<bank_type><![CDATA[ICBC_DEBIT]]></bank_type>
<cash_fee><![CDATA[12]]></cash_fee>
<fee_type><![CDATA[CNY]]></fee_type>
<is_subscribe><![CDATA[N]]></is_subscribe>
<mch_id><![CDATA[1390471602]]></mch_id>
<nonce_str><![CDATA[8m2e51pcq8kym8107ki1an2xf7g47ml4]]></nonce_str>
<openid><![CDATA[ohj7es_ysrFdOUoER-u8o9rcrKa4]]></openid>
<out_trade_no><![CDATA[2017021506860]]></out_trade_no>
<result_code><![CDATA[SUCCESS]]></result_code>
<return_code><![CDATA[SUCCESS]]></return_code>
<sign><![CDATA[5D1711B88E5B8F633F1E1C9F2662C1DB]]></sign>
<time_end><![CDATA[20170215164029]]></time_end>
<total_fee>12</total_fee>
<trade_type><![CDATA[NATIVE]]></trade_type>
<transaction_id><![CDATA[4004922001201702150038779359]]></transaction_id>
</xml>
[2017-02-15 16:40:56][debug] <xml><appid><![CDATA[wxf710583f433c07fe]]></appid>
<attach><![CDATA[菠萝灯（测试款不发货）]]></attach>
<bank_type><![CDATA[ICBC_DEBIT]]></bank_type>
<cash_fee><![CDATA[12]]></cash_fee>
<fee_type><![CDATA[CNY]]></fee_type>
<is_subscribe><![CDATA[N]]></is_subscribe>
<mch_id><![CDATA[1390471602]]></mch_id>
<nonce_str><![CDATA[8m2e51pcq8kym8107ki1an2xf7g47ml4]]></nonce_str>
<openid><![CDATA[ohj7es_ysrFdOUoER-u8o9rcrKa4]]></openid>
<out_trade_no><![CDATA[2017021506860]]></out_trade_no>
<result_code><![CDATA[SUCCESS]]></result_code>
<return_code><![CDATA[SUCCESS]]></return_code>
<sign><![CDATA[5D1711B88E5B8F633F1E1C9F2662C1DB]]></sign>
<time_end><![CDATA[20170215164029]]></time_end>
<total_fee>12</total_fee>
<trade_type><![CDATA[NATIVE]]></trade_type>
<transaction_id><![CDATA[4004922001201702150038779359]]></transaction_id>
</xml>
[2017-02-15 16:41:27][debug] <xml><appid><![CDATA[wxf710583f433c07fe]]></appid>
<attach><![CDATA[菠萝灯（测试款不发货）]]></attach>
<bank_type><![CDATA[ICBC_DEBIT]]></bank_type>
<cash_fee><![CDATA[12]]></cash_fee>
<fee_type><![CDATA[CNY]]></fee_type>
<is_subscribe><![CDATA[N]]></is_subscribe>
<mch_id><![CDATA[1390471602]]></mch_id>
<nonce_str><![CDATA[8m2e51pcq8kym8107ki1an2xf7g47ml4]]></nonce_str>
<openid><![CDATA[ohj7es_ysrFdOUoER-u8o9rcrKa4]]></openid>
<out_trade_no><![CDATA[2017021506860]]></out_trade_no>
<result_code><![CDATA[SUCCESS]]></result_code>
<return_code><![CDATA[SUCCESS]]></return_code>
<sign><![CDATA[5D1711B88E5B8F633F1E1C9F2662C1DB]]></sign>
<time_end><![CDATA[20170215164029]]></time_end>
<total_fee>12</total_fee>
<trade_type><![CDATA[NATIVE]]></trade_type>
<transaction_id><![CDATA[4004922001201702150038779359]]></transaction_id>
</xml>
[2017-02-15 16:42:15][debug] <xml><appid><![CDATA[wxf710583f433c07fe]]></appid>
<attach><![CDATA[菠萝灯（测试款不发货）]]></attach>
<bank_type><![CDATA[ICBC_DEBIT]]></bank_type>
<cash_fee><![CDATA[12]]></cash_fee>
<fee_type><![CDATA[CNY]]></fee_type>
<is_subscribe><![CDATA[N]]></is_subscribe>
<mch_id><![CDATA[1390471602]]></mch_id>
<nonce_str><![CDATA[bchht7emg35eagon7v880g7kgo2kl0sx]]></nonce_str>
<openid><![CDATA[ohj7es_ysrFdOUoER-u8o9rcrKa4]]></openid>
<out_trade_no><![CDATA[2017021573694]]></out_trade_no>
<result_code><![CDATA[SUCCESS]]></result_code>
<return_code><![CDATA[SUCCESS]]></return_code>
<sign><![CDATA[A6CAEF8FB84D9297AF756FF3ED322A39]]></sign>
<time_end><![CDATA[20170215163811]]></time_end>
<total_fee>12</total_fee>
<trade_type><![CDATA[NATIVE]]></trade_type>
<transaction_id><![CDATA[4004922001201702150038757647]]></transaction_id>
</xml>
[2017-02-15 16:44:30][debug] <xml><appid><![CDATA[wxf710583f433c07fe]]></appid>
<attach><![CDATA[菠萝灯（测试款不发货）]]></attach>
<bank_type><![CDATA[ICBC_DEBIT]]></bank_type>
<cash_fee><![CDATA[12]]></cash_fee>
<fee_type><![CDATA[CNY]]></fee_type>
<is_subscribe><![CDATA[N]]></is_subscribe>
<mch_id><![CDATA[1390471602]]></mch_id>
<nonce_str><![CDATA[8m2e51pcq8kym8107ki1an2xf7g47ml4]]></nonce_str>
<openid><![CDATA[ohj7es_ysrFdOUoER-u8o9rcrKa4]]></openid>
<out_trade_no><![CDATA[2017021506860]]></out_trade_no>
<result_code><![CDATA[SUCCESS]]></result_code>
<return_code><![CDATA[SUCCESS]]></return_code>
<sign><![CDATA[5D1711B88E5B8F633F1E1C9F2662C1DB]]></sign>
<time_end><![CDATA[20170215164029]]></time_end>
<total_fee>12</total_fee>
<trade_type><![CDATA[NATIVE]]></trade_type>
<transaction_id><![CDATA[4004922001201702150038779359]]></transaction_id>
</xml>
[2017-02-15 16:44:44][debug] <xml><appid><![CDATA[wxf710583f433c07fe]]></appid>
<attach><![CDATA[菠萝灯（测试款不发货）]]></attach>
<bank_type><![CDATA[ICBC_DEBIT]]></bank_type>
<cash_fee><![CDATA[12]]></cash_fee>
<fee_type><![CDATA[CNY]]></fee_type>
<is_subscribe><![CDATA[N]]></is_subscribe>
<mch_id><![CDATA[1390471602]]></mch_id>
<nonce_str><![CDATA[s65br3hfh9gp7v70w56bh4q4dvacx2cn]]></nonce_str>
<openid><![CDATA[ohj7es_ysrFdOUoER-u8o9rcrKa4]]></openid>
<out_trade_no><![CDATA[2017021537401]]></out_trade_no>
<result_code><![CDATA[SUCCESS]]></result_code>
<return_code><![CDATA[SUCCESS]]></return_code>
<sign><![CDATA[B26EDBC5C6089BDB9953A2CCE799BA45]]></sign>
<time_end><![CDATA[20170215164443]]></time_end>
<total_fee>12</total_fee>
<trade_type><![CDATA[NATIVE]]></trade_type>
<transaction_id><![CDATA[4004922001201702150036085621]]></transaction_id>
</xml>
[2017-02-15 16:44:54][debug] <xml><appid><![CDATA[wxf710583f433c07fe]]></appid>
<attach><![CDATA[菠萝灯（测试款不发货）]]></attach>
<bank_type><![CDATA[ICBC_DEBIT]]></bank_type>
<cash_fee><![CDATA[12]]></cash_fee>
<fee_type><![CDATA[CNY]]></fee_type>
<is_subscribe><![CDATA[N]]></is_subscribe>
<mch_id><![CDATA[1390471602]]></mch_id>
<nonce_str><![CDATA[s65br3hfh9gp7v70w56bh4q4dvacx2cn]]></nonce_str>
<openid><![CDATA[ohj7es_ysrFdOUoER-u8o9rcrKa4]]></openid>
<out_trade_no><![CDATA[2017021537401]]></out_trade_no>
<result_code><![CDATA[SUCCESS]]></result_code>
<return_code><![CDATA[SUCCESS]]></return_code>
<sign><![CDATA[B26EDBC5C6089BDB9953A2CCE799BA45]]></sign>
<time_end><![CDATA[20170215164443]]></time_end>
<total_fee>12</total_fee>
<trade_type><![CDATA[NATIVE]]></trade_type>
<transaction_id><![CDATA[4004922001201702150036085621]]></transaction_id>
</xml>
[2017-02-15 16:45:11][debug] <xml><appid><![CDATA[wxf710583f433c07fe]]></appid>
<attach><![CDATA[菠萝灯（测试款不发货）]]></attach>
<bank_type><![CDATA[ICBC_DEBIT]]></bank_type>
<cash_fee><![CDATA[12]]></cash_fee>
<fee_type><![CDATA[CNY]]></fee_type>
<is_subscribe><![CDATA[N]]></is_subscribe>
<mch_id><![CDATA[1390471602]]></mch_id>
<nonce_str><![CDATA[s65br3hfh9gp7v70w56bh4q4dvacx2cn]]></nonce_str>
<openid><![CDATA[ohj7es_ysrFdOUoER-u8o9rcrKa4]]></openid>
<out_trade_no><![CDATA[2017021537401]]></out_trade_no>
<result_code><![CDATA[SUCCESS]]></result_code>
<return_code><![CDATA[SUCCESS]]></return_code>
<sign><![CDATA[B26EDBC5C6089BDB9953A2CCE799BA45]]></sign>
<time_end><![CDATA[20170215164443]]></time_end>
<total_fee>12</total_fee>
<trade_type><![CDATA[NATIVE]]></trade_type>
<transaction_id><![CDATA[4004922001201702150036085621]]></transaction_id>
</xml>
[2017-02-15 16:45:43][debug] <xml><appid><![CDATA[wxf710583f433c07fe]]></appid>
<attach><![CDATA[菠萝灯（测试款不发货）]]></attach>
<bank_type><![CDATA[ICBC_DEBIT]]></bank_type>
<cash_fee><![CDATA[12]]></cash_fee>
<fee_type><![CDATA[CNY]]></fee_type>
<is_subscribe><![CDATA[N]]></is_subscribe>
<mch_id><![CDATA[1390471602]]></mch_id>
<nonce_str><![CDATA[s65br3hfh9gp7v70w56bh4q4dvacx2cn]]></nonce_str>
<openid><![CDATA[ohj7es_ysrFdOUoER-u8o9rcrKa4]]></openid>
<out_trade_no><![CDATA[2017021537401]]></out_trade_no>
<result_code><![CDATA[SUCCESS]]></result_code>
<return_code><![CDATA[SUCCESS]]></return_code>
<sign><![CDATA[B26EDBC5C6089BDB9953A2CCE799BA45]]></sign>
<time_end><![CDATA[20170215164443]]></time_end>
<total_fee>12</total_fee>
<trade_type><![CDATA[NATIVE]]></trade_type>
<transaction_id><![CDATA[4004922001201702150036085621]]></transaction_id>
</xml>
[2017-02-15 16:46:59][debug] <xml><appid><![CDATA[wxf710583f433c07fe]]></appid>
<attach><![CDATA[菠萝灯（测试款不发货）]]></attach>
<bank_type><![CDATA[CFT]]></bank_type>
<cash_fee><![CDATA[12]]></cash_fee>
<fee_type><![CDATA[CNY]]></fee_type>
<is_subscribe><![CDATA[Y]]></is_subscribe>
<mch_id><![CDATA[1390471602]]></mch_id>
<nonce_str><![CDATA[rcb42t6ajy2xe6ur7jrwgl5tiuyfqio5]]></nonce_str>
<openid><![CDATA[ohj7es9IPNfuZVszGVULOUjv8xFk]]></openid>
<out_trade_no><![CDATA[2017021541238]]></out_trade_no>
<result_code><![CDATA[SUCCESS]]></result_code>
<return_code><![CDATA[SUCCESS]]></return_code>
<sign><![CDATA[56B10B476B99B551B4D4F39F56D7E7EE]]></sign>
<time_end><![CDATA[20170215164658]]></time_end>
<total_fee>12</total_fee>
<trade_type><![CDATA[JSAPI]]></trade_type>
<transaction_id><![CDATA[4008732001201702150038993916]]></transaction_id>
</xml>
[2017-02-15 16:47:12][debug] <xml><appid><![CDATA[wxf710583f433c07fe]]></appid>
<attach><![CDATA[菠萝灯（测试款不发货）]]></attach>
<bank_type><![CDATA[CFT]]></bank_type>
<cash_fee><![CDATA[12]]></cash_fee>
<fee_type><![CDATA[CNY]]></fee_type>
<is_subscribe><![CDATA[Y]]></is_subscribe>
<mch_id><![CDATA[1390471602]]></mch_id>
<nonce_str><![CDATA[rcb42t6ajy2xe6ur7jrwgl5tiuyfqio5]]></nonce_str>
<openid><![CDATA[ohj7es9IPNfuZVszGVULOUjv8xFk]]></openid>
<out_trade_no><![CDATA[2017021541238]]></out_trade_no>
<result_code><![CDATA[SUCCESS]]></result_code>
<return_code><![CDATA[SUCCESS]]></return_code>
<sign><![CDATA[56B10B476B99B551B4D4F39F56D7E7EE]]></sign>
<time_end><![CDATA[20170215164658]]></time_end>
<total_fee>12</total_fee>
<trade_type><![CDATA[JSAPI]]></trade_type>
<transaction_id><![CDATA[4008732001201702150038993916]]></transaction_id>
</xml>
[2017-02-15 16:47:28][debug] <xml><appid><![CDATA[wxf710583f433c07fe]]></appid>
<attach><![CDATA[菠萝灯（测试款不发货）]]></attach>
<bank_type><![CDATA[CFT]]></bank_type>
<cash_fee><![CDATA[12]]></cash_fee>
<fee_type><![CDATA[CNY]]></fee_type>
<is_subscribe><![CDATA[Y]]></is_subscribe>
<mch_id><![CDATA[1390471602]]></mch_id>
<nonce_str><![CDATA[rcb42t6ajy2xe6ur7jrwgl5tiuyfqio5]]></nonce_str>
<openid><![CDATA[ohj7es9IPNfuZVszGVULOUjv8xFk]]></openid>
<out_trade_no><![CDATA[2017021541238]]></out_trade_no>
<result_code><![CDATA[SUCCESS]]></result_code>
<return_code><![CDATA[SUCCESS]]></return_code>
<sign><![CDATA[56B10B476B99B551B4D4F39F56D7E7EE]]></sign>
<time_end><![CDATA[20170215164658]]></time_end>
<total_fee>12</total_fee>
<trade_type><![CDATA[JSAPI]]></trade_type>
<transaction_id><![CDATA[4008732001201702150038993916]]></transaction_id>
</xml>
[2017-02-15 16:48:00][debug] <xml><appid><![CDATA[wxf710583f433c07fe]]></appid>
<attach><![CDATA[菠萝灯（测试款不发货）]]></attach>
<bank_type><![CDATA[CFT]]></bank_type>
<cash_fee><![CDATA[12]]></cash_fee>
<fee_type><![CDATA[CNY]]></fee_type>
<is_subscribe><![CDATA[Y]]></is_subscribe>
<mch_id><![CDATA[1390471602]]></mch_id>
<nonce_str><![CDATA[rcb42t6ajy2xe6ur7jrwgl5tiuyfqio5]]></nonce_str>
<openid><![CDATA[ohj7es9IPNfuZVszGVULOUjv8xFk]]></openid>
<out_trade_no><![CDATA[2017021541238]]></out_trade_no>
<result_code><![CDATA[SUCCESS]]></result_code>
<return_code><![CDATA[SUCCESS]]></return_code>
<sign><![CDATA[56B10B476B99B551B4D4F39F56D7E7EE]]></sign>
<time_end><![CDATA[20170215164658]]></time_end>
<total_fee>12</total_fee>
<trade_type><![CDATA[JSAPI]]></trade_type>
<transaction_id><![CDATA[4008732001201702150038993916]]></transaction_id>
</xml>
[2017-02-15 16:48:44][debug] <xml><appid><![CDATA[wxf710583f433c07fe]]></appid>
<attach><![CDATA[菠萝灯（测试款不发货）]]></attach>
<bank_type><![CDATA[ICBC_DEBIT]]></bank_type>
<cash_fee><![CDATA[12]]></cash_fee>
<fee_type><![CDATA[CNY]]></fee_type>
<is_subscribe><![CDATA[N]]></is_subscribe>
<mch_id><![CDATA[1390471602]]></mch_id>
<nonce_str><![CDATA[s65br3hfh9gp7v70w56bh4q4dvacx2cn]]></nonce_str>
<openid><![CDATA[ohj7es_ysrFdOUoER-u8o9rcrKa4]]></openid>
<out_trade_no><![CDATA[2017021537401]]></out_trade_no>
<result_code><![CDATA[SUCCESS]]></result_code>
<return_code><![CDATA[SUCCESS]]></return_code>
<sign><![CDATA[B26EDBC5C6089BDB9953A2CCE799BA45]]></sign>
<time_end><![CDATA[20170215164443]]></time_end>
<total_fee>12</total_fee>
<trade_type><![CDATA[NATIVE]]></trade_type>
<transaction_id><![CDATA[4004922001201702150036085621]]></transaction_id>
</xml>
[2017-02-15 16:49:25][debug] 
[2017-02-15 16:51:02][debug] <xml><appid><![CDATA[wxf710583f433c07fe]]></appid>
<attach><![CDATA[菠萝灯（测试款不发货）]]></attach>
<bank_type><![CDATA[CFT]]></bank_type>
<cash_fee><![CDATA[12]]></cash_fee>
<fee_type><![CDATA[CNY]]></fee_type>
<is_subscribe><![CDATA[Y]]></is_subscribe>
<mch_id><![CDATA[1390471602]]></mch_id>
<nonce_str><![CDATA[rcb42t6ajy2xe6ur7jrwgl5tiuyfqio5]]></nonce_str>
<openid><![CDATA[ohj7es9IPNfuZVszGVULOUjv8xFk]]></openid>
<out_trade_no><![CDATA[2017021541238]]></out_trade_no>
<result_code><![CDATA[SUCCESS]]></result_code>
<return_code><![CDATA[SUCCESS]]></return_code>
<sign><![CDATA[56B10B476B99B551B4D4F39F56D7E7EE]]></sign>
<time_end><![CDATA[20170215164658]]></time_end>
<total_fee>12</total_fee>
<trade_type><![CDATA[JSAPI]]></trade_type>
<transaction_id><![CDATA[4008732001201702150038993916]]></transaction_id>
</xml>
[2017-02-15 16:58:49][debug] <xml><appid><![CDATA[wxf710583f433c07fe]]></appid>
<attach><![CDATA[菠萝灯（测试款不发货）]]></attach>
<bank_type><![CDATA[CFT]]></bank_type>
<cash_fee><![CDATA[20]]></cash_fee>
<fee_type><![CDATA[CNY]]></fee_type>
<is_subscribe><![CDATA[Y]]></is_subscribe>
<mch_id><![CDATA[1390471602]]></mch_id>
<nonce_str><![CDATA[uwh1ca5tnx6grjcc0rwqs0ijzye2sg54]]></nonce_str>
<openid><![CDATA[ohj7es9IPNfuZVszGVULOUjv8xFk]]></openid>
<out_trade_no><![CDATA[2017021560227]]></out_trade_no>
<result_code><![CDATA[SUCCESS]]></result_code>
<return_code><![CDATA[SUCCESS]]></return_code>
<sign><![CDATA[651B3FC3DB99EDBFDDA9DA53F02D465B]]></sign>
<time_end><![CDATA[20170215165849]]></time_end>
<total_fee>20</total_fee>
<trade_type><![CDATA[NATIVE]]></trade_type>
<transaction_id><![CDATA[4008732001201702150039300792]]></transaction_id>
</xml>
[2017-02-15 16:59:04][debug] <xml><appid><![CDATA[wxf710583f433c07fe]]></appid>
<attach><![CDATA[菠萝灯（测试款不发货）]]></attach>
<bank_type><![CDATA[CFT]]></bank_type>
<cash_fee><![CDATA[20]]></cash_fee>
<fee_type><![CDATA[CNY]]></fee_type>
<is_subscribe><![CDATA[Y]]></is_subscribe>
<mch_id><![CDATA[1390471602]]></mch_id>
<nonce_str><![CDATA[uwh1ca5tnx6grjcc0rwqs0ijzye2sg54]]></nonce_str>
<openid><![CDATA[ohj7es9IPNfuZVszGVULOUjv8xFk]]></openid>
<out_trade_no><![CDATA[2017021560227]]></out_trade_no>
<result_code><![CDATA[SUCCESS]]></result_code>
<return_code><![CDATA[SUCCESS]]></return_code>
<sign><![CDATA[651B3FC3DB99EDBFDDA9DA53F02D465B]]></sign>
<time_end><![CDATA[20170215165849]]></time_end>
<total_fee>20</total_fee>
<trade_type><![CDATA[NATIVE]]></trade_type>
<transaction_id><![CDATA[4008732001201702150039300792]]></transaction_id>
</xml>
[2017-02-15 16:59:20][debug] <xml><appid><![CDATA[wxf710583f433c07fe]]></appid>
<attach><![CDATA[菠萝灯（测试款不发货）]]></attach>
<bank_type><![CDATA[CFT]]></bank_type>
<cash_fee><![CDATA[20]]></cash_fee>
<fee_type><![CDATA[CNY]]></fee_type>
<is_subscribe><![CDATA[Y]]></is_subscribe>
<mch_id><![CDATA[1390471602]]></mch_id>
<nonce_str><![CDATA[uwh1ca5tnx6grjcc0rwqs0ijzye2sg54]]></nonce_str>
<openid><![CDATA[ohj7es9IPNfuZVszGVULOUjv8xFk]]></openid>
<out_trade_no><![CDATA[2017021560227]]></out_trade_no>
<result_code><![CDATA[SUCCESS]]></result_code>
<return_code><![CDATA[SUCCESS]]></return_code>
<sign><![CDATA[651B3FC3DB99EDBFDDA9DA53F02D465B]]></sign>
<time_end><![CDATA[20170215165849]]></time_end>
<total_fee>20</total_fee>
<trade_type><![CDATA[NATIVE]]></trade_type>
<transaction_id><![CDATA[4008732001201702150039300792]]></transaction_id>
</xml>
[2017-02-15 16:59:51][debug] <xml><appid><![CDATA[wxf710583f433c07fe]]></appid>
<attach><![CDATA[菠萝灯（测试款不发货）]]></attach>
<bank_type><![CDATA[CFT]]></bank_type>
<cash_fee><![CDATA[20]]></cash_fee>
<fee_type><![CDATA[CNY]]></fee_type>
<is_subscribe><![CDATA[Y]]></is_subscribe>
<mch_id><![CDATA[1390471602]]></mch_id>
<nonce_str><![CDATA[uwh1ca5tnx6grjcc0rwqs0ijzye2sg54]]></nonce_str>
<openid><![CDATA[ohj7es9IPNfuZVszGVULOUjv8xFk]]></openid>
<out_trade_no><![CDATA[2017021560227]]></out_trade_no>
<result_code><![CDATA[SUCCESS]]></result_code>
<return_code><![CDATA[SUCCESS]]></return_code>
<sign><![CDATA[651B3FC3DB99EDBFDDA9DA53F02D465B]]></sign>
<time_end><![CDATA[20170215165849]]></time_end>
<total_fee>20</total_fee>
<trade_type><![CDATA[NATIVE]]></trade_type>
<transaction_id><![CDATA[4008732001201702150039300792]]></transaction_id>
</xml>
[2017-02-15 17:02:52][debug] <xml><appid><![CDATA[wxf710583f433c07fe]]></appid>
<attach><![CDATA[菠萝灯（测试款不发货）]]></attach>
<bank_type><![CDATA[CFT]]></bank_type>
<cash_fee><![CDATA[20]]></cash_fee>
<fee_type><![CDATA[CNY]]></fee_type>
<is_subscribe><![CDATA[Y]]></is_subscribe>
<mch_id><![CDATA[1390471602]]></mch_id>
<nonce_str><![CDATA[uwh1ca5tnx6grjcc0rwqs0ijzye2sg54]]></nonce_str>
<openid><![CDATA[ohj7es9IPNfuZVszGVULOUjv8xFk]]></openid>
<out_trade_no><![CDATA[2017021560227]]></out_trade_no>
<result_code><![CDATA[SUCCESS]]></result_code>
<return_code><![CDATA[SUCCESS]]></return_code>
<sign><![CDATA[651B3FC3DB99EDBFDDA9DA53F02D465B]]></sign>
<time_end><![CDATA[20170215165849]]></time_end>
<total_fee>20</total_fee>
<trade_type><![CDATA[NATIVE]]></trade_type>
<transaction_id><![CDATA[4008732001201702150039300792]]></transaction_id>
</xml>
[2017-02-15 17:05:24][debug] <xml><appid><![CDATA[wxf710583f433c07fe]]></appid>
<attach><![CDATA[菠萝灯（测试款不发货）]]></attach>
<bank_type><![CDATA[CFT]]></bank_type>
<cash_fee><![CDATA[20]]></cash_fee>
<fee_type><![CDATA[CNY]]></fee_type>
<is_subscribe><![CDATA[Y]]></is_subscribe>
<mch_id><![CDATA[1390471602]]></mch_id>
<nonce_str><![CDATA[74puojpzi98u7iwe6oo1rd8eyjx1rs29]]></nonce_str>
<openid><![CDATA[ohj7es9IPNfuZVszGVULOUjv8xFk]]></openid>
<out_trade_no><![CDATA[2017021595131]]></out_trade_no>
<result_code><![CDATA[SUCCESS]]></result_code>
<return_code><![CDATA[SUCCESS]]></return_code>
<sign><![CDATA[E5856A31DB94A67F20595E373746403B]]></sign>
<time_end><![CDATA[20170215170523]]></time_end>
<total_fee>20</total_fee>
<trade_type><![CDATA[NATIVE]]></trade_type>
<transaction_id><![CDATA[4008732001201702150038146154]]></transaction_id>
</xml>
[2017-02-15 17:05:24][debug] call back:{"appid":"wxf710583f433c07fe","attach":"\u83e0\u841d\u706f\uff08\u6d4b\u8bd5\u6b3e\u4e0d\u53d1\u8d27\uff09","bank_type":"CFT","cash_fee":"20","fee_type":"CNY","is_subscribe":"Y","mch_id":"1390471602","nonce_str":"74puojpzi98u7iwe6oo1rd8eyjx1rs29","openid":"ohj7es9IPNfuZVszGVULOUjv8xFk","out_trade_no":"2017021595131","result_code":"SUCCESS","return_code":"SUCCESS","sign":"E5856A31DB94A67F20595E373746403B","time_end":"20170215170523","total_fee":"20","trade_type":"NATIVE","transaction_id":"4008732001201702150038146154"}
[2017-02-15 17:05:24][debug] query:{"appid":"wxf710583f433c07fe","attach":"\u83e0\u841d\u706f\uff08\u6d4b\u8bd5\u6b3e\u4e0d\u53d1\u8d27\uff09","bank_type":"CFT","cash_fee":"20","fee_type":"CNY","is_subscribe":"Y","mch_id":"1390471602","nonce_str":"hmrnHndH1oK8uckt","openid":"ohj7es9IPNfuZVszGVULOUjv8xFk","out_trade_no":"2017021595131","result_code":"SUCCESS","return_code":"SUCCESS","return_msg":"OK","sign":"7C6A83851FF51E242E88571FD994A454","time_end":"20170215170523","total_fee":"20","trade_state":"SUCCESS","trade_type":"NATIVE","transaction_id":"4008732001201702150038146154"}
[2017-02-15 17:12:19][debug] <xml><appid><![CDATA[wxf710583f433c07fe]]></appid>
<attach><![CDATA[菠萝灯（测试款不发货）]]></attach>
<bank_type><![CDATA[ICBC_DEBIT]]></bank_type>
<cash_fee><![CDATA[12]]></cash_fee>
<fee_type><![CDATA[CNY]]></fee_type>
<is_subscribe><![CDATA[N]]></is_subscribe>
<mch_id><![CDATA[1390471602]]></mch_id>
<nonce_str><![CDATA[bchht7emg35eagon7v880g7kgo2kl0sx]]></nonce_str>
<openid><![CDATA[ohj7es_ysrFdOUoER-u8o9rcrKa4]]></openid>
<out_trade_no><![CDATA[2017021573694]]></out_trade_no>
<result_code><![CDATA[SUCCESS]]></result_code>
<return_code><![CDATA[SUCCESS]]></return_code>
<sign><![CDATA[A6CAEF8FB84D9297AF756FF3ED322A39]]></sign>
<time_end><![CDATA[20170215163811]]></time_end>
<total_fee>12</total_fee>
<trade_type><![CDATA[NATIVE]]></trade_type>
<transaction_id><![CDATA[4004922001201702150038757647]]></transaction_id>
</xml>
[2017-02-15 17:14:32][debug] <xml><appid><![CDATA[wxf710583f433c07fe]]></appid>
<attach><![CDATA[菠萝灯（测试款不发货）]]></attach>
<bank_type><![CDATA[ICBC_DEBIT]]></bank_type>
<cash_fee><![CDATA[12]]></cash_fee>
<fee_type><![CDATA[CNY]]></fee_type>
<is_subscribe><![CDATA[N]]></is_subscribe>
<mch_id><![CDATA[1390471602]]></mch_id>
<nonce_str><![CDATA[8m2e51pcq8kym8107ki1an2xf7g47ml4]]></nonce_str>
<openid><![CDATA[ohj7es_ysrFdOUoER-u8o9rcrKa4]]></openid>
<out_trade_no><![CDATA[2017021506860]]></out_trade_no>
<result_code><![CDATA[SUCCESS]]></result_code>
<return_code><![CDATA[SUCCESS]]></return_code>
<sign><![CDATA[5D1711B88E5B8F633F1E1C9F2662C1DB]]></sign>
<time_end><![CDATA[20170215164029]]></time_end>
<total_fee>12</total_fee>
<trade_type><![CDATA[NATIVE]]></trade_type>
<transaction_id><![CDATA[4004922001201702150038779359]]></transaction_id>
</xml>
[2017-02-15 17:18:46][debug] <xml><appid><![CDATA[wxf710583f433c07fe]]></appid>
<attach><![CDATA[菠萝灯（测试款不发货）]]></attach>
<bank_type><![CDATA[ICBC_DEBIT]]></bank_type>
<cash_fee><![CDATA[12]]></cash_fee>
<fee_type><![CDATA[CNY]]></fee_type>
<is_subscribe><![CDATA[N]]></is_subscribe>
<mch_id><![CDATA[1390471602]]></mch_id>
<nonce_str><![CDATA[s65br3hfh9gp7v70w56bh4q4dvacx2cn]]></nonce_str>
<openid><![CDATA[ohj7es_ysrFdOUoER-u8o9rcrKa4]]></openid>
<out_trade_no><![CDATA[2017021537401]]></out_trade_no>
<result_code><![CDATA[SUCCESS]]></result_code>
<return_code><![CDATA[SUCCESS]]></return_code>
<sign><![CDATA[B26EDBC5C6089BDB9953A2CCE799BA45]]></sign>
<time_end><![CDATA[20170215164443]]></time_end>
<total_fee>12</total_fee>
<trade_type><![CDATA[NATIVE]]></trade_type>
<transaction_id><![CDATA[4004922001201702150036085621]]></transaction_id>
</xml>
[2017-02-15 17:21:04][debug] <xml><appid><![CDATA[wxf710583f433c07fe]]></appid>
<attach><![CDATA[菠萝灯（测试款不发货）]]></attach>
<bank_type><![CDATA[CFT]]></bank_type>
<cash_fee><![CDATA[12]]></cash_fee>
<fee_type><![CDATA[CNY]]></fee_type>
<is_subscribe><![CDATA[Y]]></is_subscribe>
<mch_id><![CDATA[1390471602]]></mch_id>
<nonce_str><![CDATA[rcb42t6ajy2xe6ur7jrwgl5tiuyfqio5]]></nonce_str>
<openid><![CDATA[ohj7es9IPNfuZVszGVULOUjv8xFk]]></openid>
<out_trade_no><![CDATA[2017021541238]]></out_trade_no>
<result_code><![CDATA[SUCCESS]]></result_code>
<return_code><![CDATA[SUCCESS]]></return_code>
<sign><![CDATA[56B10B476B99B551B4D4F39F56D7E7EE]]></sign>
<time_end><![CDATA[20170215164658]]></time_end>
<total_fee>12</total_fee>
<trade_type><![CDATA[JSAPI]]></trade_type>
<transaction_id><![CDATA[4008732001201702150038993916]]></transaction_id>
</xml>
[2017-02-15 17:21:04][debug] call back:{"appid":"wxf710583f433c07fe","attach":"\u83e0\u841d\u706f\uff08\u6d4b\u8bd5\u6b3e\u4e0d\u53d1\u8d27\uff09","bank_type":"CFT","cash_fee":"12","fee_type":"CNY","is_subscribe":"Y","mch_id":"1390471602","nonce_str":"rcb42t6ajy2xe6ur7jrwgl5tiuyfqio5","openid":"ohj7es9IPNfuZVszGVULOUjv8xFk","out_trade_no":"2017021541238","result_code":"SUCCESS","return_code":"SUCCESS","sign":"56B10B476B99B551B4D4F39F56D7E7EE","time_end":"20170215164658","total_fee":"12","trade_type":"JSAPI","transaction_id":"4008732001201702150038993916"}
[2017-02-15 17:21:05][debug] query:{"appid":"wxf710583f433c07fe","attach":"\u83e0\u841d\u706f\uff08\u6d4b\u8bd5\u6b3e\u4e0d\u53d1\u8d27\uff09","bank_type":"CFT","cash_fee":"12","fee_type":"CNY","is_subscribe":"Y","mch_id":"1390471602","nonce_str":"wZlRzZwpSo3LmKhb","openid":"ohj7es9IPNfuZVszGVULOUjv8xFk","out_trade_no":"2017021541238","result_code":"SUCCESS","return_code":"SUCCESS","return_msg":"OK","sign":"479ABEE18B09F4393E603000C5C05259","time_end":"20170215164658","total_fee":"12","trade_state":"SUCCESS","trade_type":"JSAPI","transaction_id":"4008732001201702150038993916"}
[2017-02-15 17:32:54][debug] <xml><appid><![CDATA[wxf710583f433c07fe]]></appid>
<attach><![CDATA[菠萝灯（测试款不发货）]]></attach>
<bank_type><![CDATA[CFT]]></bank_type>
<cash_fee><![CDATA[20]]></cash_fee>
<fee_type><![CDATA[CNY]]></fee_type>
<is_subscribe><![CDATA[Y]]></is_subscribe>
<mch_id><![CDATA[1390471602]]></mch_id>
<nonce_str><![CDATA[uwh1ca5tnx6grjcc0rwqs0ijzye2sg54]]></nonce_str>
<openid><![CDATA[ohj7es9IPNfuZVszGVULOUjv8xFk]]></openid>
<out_trade_no><![CDATA[2017021560227]]></out_trade_no>
<result_code><![CDATA[SUCCESS]]></result_code>
<return_code><![CDATA[SUCCESS]]></return_code>
<sign><![CDATA[651B3FC3DB99EDBFDDA9DA53F02D465B]]></sign>
<time_end><![CDATA[20170215165849]]></time_end>
<total_fee>20</total_fee>
<trade_type><![CDATA[NATIVE]]></trade_type>
<transaction_id><![CDATA[4008732001201702150039300792]]></transaction_id>
</xml>
[2017-02-15 17:42:20][debug] <xml><appid><![CDATA[wxf710583f433c07fe]]></appid>
<attach><![CDATA[菠萝灯（测试款不发货）]]></attach>
<bank_type><![CDATA[ICBC_DEBIT]]></bank_type>
<cash_fee><![CDATA[12]]></cash_fee>
<fee_type><![CDATA[CNY]]></fee_type>
<is_subscribe><![CDATA[N]]></is_subscribe>
<mch_id><![CDATA[1390471602]]></mch_id>
<nonce_str><![CDATA[bchht7emg35eagon7v880g7kgo2kl0sx]]></nonce_str>
<openid><![CDATA[ohj7es_ysrFdOUoER-u8o9rcrKa4]]></openid>
<out_trade_no><![CDATA[2017021573694]]></out_trade_no>
<result_code><![CDATA[SUCCESS]]></result_code>
<return_code><![CDATA[SUCCESS]]></return_code>
<sign><![CDATA[A6CAEF8FB84D9297AF756FF3ED322A39]]></sign>
<time_end><![CDATA[20170215163811]]></time_end>
<total_fee>12</total_fee>
<trade_type><![CDATA[NATIVE]]></trade_type>
<transaction_id><![CDATA[4004922001201702150038757647]]></transaction_id>
</xml>
[2017-02-15 17:44:34][debug] <xml><appid><![CDATA[wxf710583f433c07fe]]></appid>
<attach><![CDATA[菠萝灯（测试款不发货）]]></attach>
<bank_type><![CDATA[ICBC_DEBIT]]></bank_type>
<cash_fee><![CDATA[12]]></cash_fee>
<fee_type><![CDATA[CNY]]></fee_type>
<is_subscribe><![CDATA[N]]></is_subscribe>
<mch_id><![CDATA[1390471602]]></mch_id>
<nonce_str><![CDATA[8m2e51pcq8kym8107ki1an2xf7g47ml4]]></nonce_str>
<openid><![CDATA[ohj7es_ysrFdOUoER-u8o9rcrKa4]]></openid>
<out_trade_no><![CDATA[2017021506860]]></out_trade_no>
<result_code><![CDATA[SUCCESS]]></result_code>
<return_code><![CDATA[SUCCESS]]></return_code>
<sign><![CDATA[5D1711B88E5B8F633F1E1C9F2662C1DB]]></sign>
<time_end><![CDATA[20170215164029]]></time_end>
<total_fee>12</total_fee>
<trade_type><![CDATA[NATIVE]]></trade_type>
<transaction_id><![CDATA[4004922001201702150038779359]]></transaction_id>
</xml>
[2017-02-15 17:48:47][debug] <xml><appid><![CDATA[wxf710583f433c07fe]]></appid>
<attach><![CDATA[菠萝灯（测试款不发货）]]></attach>
<bank_type><![CDATA[ICBC_DEBIT]]></bank_type>
<cash_fee><![CDATA[12]]></cash_fee>
<fee_type><![CDATA[CNY]]></fee_type>
<is_subscribe><![CDATA[N]]></is_subscribe>
<mch_id><![CDATA[1390471602]]></mch_id>
<nonce_str><![CDATA[s65br3hfh9gp7v70w56bh4q4dvacx2cn]]></nonce_str>
<openid><![CDATA[ohj7es_ysrFdOUoER-u8o9rcrKa4]]></openid>
<out_trade_no><![CDATA[2017021537401]]></out_trade_no>
<result_code><![CDATA[SUCCESS]]></result_code>
<return_code><![CDATA[SUCCESS]]></return_code>
<sign><![CDATA[B26EDBC5C6089BDB9953A2CCE799BA45]]></sign>
<time_end><![CDATA[20170215164443]]></time_end>
<total_fee>12</total_fee>
<trade_type><![CDATA[NATIVE]]></trade_type>
<transaction_id><![CDATA[4004922001201702150036085621]]></transaction_id>
</xml>
[2017-02-15 18:02:56][debug] <xml><appid><![CDATA[wxf710583f433c07fe]]></appid>
<attach><![CDATA[菠萝灯（测试款不发货）]]></attach>
<bank_type><![CDATA[CFT]]></bank_type>
<cash_fee><![CDATA[20]]></cash_fee>
<fee_type><![CDATA[CNY]]></fee_type>
<is_subscribe><![CDATA[Y]]></is_subscribe>
<mch_id><![CDATA[1390471602]]></mch_id>
<nonce_str><![CDATA[uwh1ca5tnx6grjcc0rwqs0ijzye2sg54]]></nonce_str>
<openid><![CDATA[ohj7es9IPNfuZVszGVULOUjv8xFk]]></openid>
<out_trade_no><![CDATA[2017021560227]]></out_trade_no>
<result_code><![CDATA[SUCCESS]]></result_code>
<return_code><![CDATA[SUCCESS]]></return_code>
<sign><![CDATA[651B3FC3DB99EDBFDDA9DA53F02D465B]]></sign>
<time_end><![CDATA[20170215165849]]></time_end>
<total_fee>20</total_fee>
<trade_type><![CDATA[NATIVE]]></trade_type>
<transaction_id><![CDATA[4008732001201702150039300792]]></transaction_id>
</xml>
[2017-02-15 18:12:22][debug] <xml><appid><![CDATA[wxf710583f433c07fe]]></appid>
<attach><![CDATA[菠萝灯（测试款不发货）]]></attach>
<bank_type><![CDATA[ICBC_DEBIT]]></bank_type>
<cash_fee><![CDATA[12]]></cash_fee>
<fee_type><![CDATA[CNY]]></fee_type>
<is_subscribe><![CDATA[N]]></is_subscribe>
<mch_id><![CDATA[1390471602]]></mch_id>
<nonce_str><![CDATA[bchht7emg35eagon7v880g7kgo2kl0sx]]></nonce_str>
<openid><![CDATA[ohj7es_ysrFdOUoER-u8o9rcrKa4]]></openid>
<out_trade_no><![CDATA[2017021573694]]></out_trade_no>
<result_code><![CDATA[SUCCESS]]></result_code>
<return_code><![CDATA[SUCCESS]]></return_code>
<sign><![CDATA[A6CAEF8FB84D9297AF756FF3ED322A39]]></sign>
<time_end><![CDATA[20170215163811]]></time_end>
<total_fee>12</total_fee>
<trade_type><![CDATA[NATIVE]]></trade_type>
<transaction_id><![CDATA[4004922001201702150038757647]]></transaction_id>
</xml>
[2017-02-15 18:14:37][debug] <xml><appid><![CDATA[wxf710583f433c07fe]]></appid>
<attach><![CDATA[菠萝灯（测试款不发货）]]></attach>
<bank_type><![CDATA[ICBC_DEBIT]]></bank_type>
<cash_fee><![CDATA[12]]></cash_fee>
<fee_type><![CDATA[CNY]]></fee_type>
<is_subscribe><![CDATA[N]]></is_subscribe>
<mch_id><![CDATA[1390471602]]></mch_id>
<nonce_str><![CDATA[8m2e51pcq8kym8107ki1an2xf7g47ml4]]></nonce_str>
<openid><![CDATA[ohj7es_ysrFdOUoER-u8o9rcrKa4]]></openid>
<out_trade_no><![CDATA[2017021506860]]></out_trade_no>
<result_code><![CDATA[SUCCESS]]></result_code>
<return_code><![CDATA[SUCCESS]]></return_code>
<sign><![CDATA[5D1711B88E5B8F633F1E1C9F2662C1DB]]></sign>
<time_end><![CDATA[20170215164029]]></time_end>
<total_fee>12</total_fee>
<trade_type><![CDATA[NATIVE]]></trade_type>
<transaction_id><![CDATA[4004922001201702150038779359]]></transaction_id>
</xml>
[2017-02-15 18:18:49][debug] <xml><appid><![CDATA[wxf710583f433c07fe]]></appid>
<attach><![CDATA[菠萝灯（测试款不发货）]]></attach>
<bank_type><![CDATA[ICBC_DEBIT]]></bank_type>
<cash_fee><![CDATA[12]]></cash_fee>
<fee_type><![CDATA[CNY]]></fee_type>
<is_subscribe><![CDATA[N]]></is_subscribe>
<mch_id><![CDATA[1390471602]]></mch_id>
<nonce_str><![CDATA[s65br3hfh9gp7v70w56bh4q4dvacx2cn]]></nonce_str>
<openid><![CDATA[ohj7es_ysrFdOUoER-u8o9rcrKa4]]></openid>
<out_trade_no><![CDATA[2017021537401]]></out_trade_no>
<result_code><![CDATA[SUCCESS]]></result_code>
<return_code><![CDATA[SUCCESS]]></return_code>
<sign><![CDATA[B26EDBC5C6089BDB9953A2CCE799BA45]]></sign>
<time_end><![CDATA[20170215164443]]></time_end>
<total_fee>12</total_fee>
<trade_type><![CDATA[NATIVE]]></trade_type>
<transaction_id><![CDATA[4004922001201702150036085621]]></transaction_id>
</xml>
[2017-02-15 18:32:59][debug] <xml><appid><![CDATA[wxf710583f433c07fe]]></appid>
<attach><![CDATA[菠萝灯（测试款不发货）]]></attach>
<bank_type><![CDATA[CFT]]></bank_type>
<cash_fee><![CDATA[20]]></cash_fee>
<fee_type><![CDATA[CNY]]></fee_type>
<is_subscribe><![CDATA[Y]]></is_subscribe>
<mch_id><![CDATA[1390471602]]></mch_id>
<nonce_str><![CDATA[uwh1ca5tnx6grjcc0rwqs0ijzye2sg54]]></nonce_str>
<openid><![CDATA[ohj7es9IPNfuZVszGVULOUjv8xFk]]></openid>
<out_trade_no><![CDATA[2017021560227]]></out_trade_no>
<result_code><![CDATA[SUCCESS]]></result_code>
<return_code><![CDATA[SUCCESS]]></return_code>
<sign><![CDATA[651B3FC3DB99EDBFDDA9DA53F02D465B]]></sign>
<time_end><![CDATA[20170215165849]]></time_end>
<total_fee>20</total_fee>
<trade_type><![CDATA[NATIVE]]></trade_type>
<transaction_id><![CDATA[4008732001201702150039300792]]></transaction_id>
</xml>
[2017-02-15 18:42:24][debug] <xml><appid><![CDATA[wxf710583f433c07fe]]></appid>
<attach><![CDATA[菠萝灯（测试款不发货）]]></attach>
<bank_type><![CDATA[ICBC_DEBIT]]></bank_type>
<cash_fee><![CDATA[12]]></cash_fee>
<fee_type><![CDATA[CNY]]></fee_type>
<is_subscribe><![CDATA[N]]></is_subscribe>
<mch_id><![CDATA[1390471602]]></mch_id>
<nonce_str><![CDATA[bchht7emg35eagon7v880g7kgo2kl0sx]]></nonce_str>
<openid><![CDATA[ohj7es_ysrFdOUoER-u8o9rcrKa4]]></openid>
<out_trade_no><![CDATA[2017021573694]]></out_trade_no>
<result_code><![CDATA[SUCCESS]]></result_code>
<return_code><![CDATA[SUCCESS]]></return_code>
<sign><![CDATA[A6CAEF8FB84D9297AF756FF3ED322A39]]></sign>
<time_end><![CDATA[20170215163811]]></time_end>
<total_fee>12</total_fee>
<trade_type><![CDATA[NATIVE]]></trade_type>
<transaction_id><![CDATA[4004922001201702150038757647]]></transaction_id>
</xml>
[2017-02-15 18:44:40][debug] <xml><appid><![CDATA[wxf710583f433c07fe]]></appid>
<attach><![CDATA[菠萝灯（测试款不发货）]]></attach>
<bank_type><![CDATA[ICBC_DEBIT]]></bank_type>
<cash_fee><![CDATA[12]]></cash_fee>
<fee_type><![CDATA[CNY]]></fee_type>
<is_subscribe><![CDATA[N]]></is_subscribe>
<mch_id><![CDATA[1390471602]]></mch_id>
<nonce_str><![CDATA[8m2e51pcq8kym8107ki1an2xf7g47ml4]]></nonce_str>
<openid><![CDATA[ohj7es_ysrFdOUoER-u8o9rcrKa4]]></openid>
<out_trade_no><![CDATA[2017021506860]]></out_trade_no>
<result_code><![CDATA[SUCCESS]]></result_code>
<return_code><![CDATA[SUCCESS]]></return_code>
<sign><![CDATA[5D1711B88E5B8F633F1E1C9F2662C1DB]]></sign>
<time_end><![CDATA[20170215164029]]></time_end>
<total_fee>12</total_fee>
<trade_type><![CDATA[NATIVE]]></trade_type>
<transaction_id><![CDATA[4004922001201702150038779359]]></transaction_id>
</xml>
[2017-02-15 18:48:52][debug] <xml><appid><![CDATA[wxf710583f433c07fe]]></appid>
<attach><![CDATA[菠萝灯（测试款不发货）]]></attach>
<bank_type><![CDATA[ICBC_DEBIT]]></bank_type>
<cash_fee><![CDATA[12]]></cash_fee>
<fee_type><![CDATA[CNY]]></fee_type>
<is_subscribe><![CDATA[N]]></is_subscribe>
<mch_id><![CDATA[1390471602]]></mch_id>
<nonce_str><![CDATA[s65br3hfh9gp7v70w56bh4q4dvacx2cn]]></nonce_str>
<openid><![CDATA[ohj7es_ysrFdOUoER-u8o9rcrKa4]]></openid>
<out_trade_no><![CDATA[2017021537401]]></out_trade_no>
<result_code><![CDATA[SUCCESS]]></result_code>
<return_code><![CDATA[SUCCESS]]></return_code>
<sign><![CDATA[B26EDBC5C6089BDB9953A2CCE799BA45]]></sign>
<time_end><![CDATA[20170215164443]]></time_end>
<total_fee>12</total_fee>
<trade_type><![CDATA[NATIVE]]></trade_type>
<transaction_id><![CDATA[4004922001201702150036085621]]></transaction_id>
</xml>
[2017-02-15 19:03:02][debug] <xml><appid><![CDATA[wxf710583f433c07fe]]></appid>
<attach><![CDATA[菠萝灯（测试款不发货）]]></attach>
<bank_type><![CDATA[CFT]]></bank_type>
<cash_fee><![CDATA[20]]></cash_fee>
<fee_type><![CDATA[CNY]]></fee_type>
<is_subscribe><![CDATA[Y]]></is_subscribe>
<mch_id><![CDATA[1390471602]]></mch_id>
<nonce_str><![CDATA[uwh1ca5tnx6grjcc0rwqs0ijzye2sg54]]></nonce_str>
<openid><![CDATA[ohj7es9IPNfuZVszGVULOUjv8xFk]]></openid>
<out_trade_no><![CDATA[2017021560227]]></out_trade_no>
<result_code><![CDATA[SUCCESS]]></result_code>
<return_code><![CDATA[SUCCESS]]></return_code>
<sign><![CDATA[651B3FC3DB99EDBFDDA9DA53F02D465B]]></sign>
<time_end><![CDATA[20170215165849]]></time_end>
<total_fee>20</total_fee>
<trade_type><![CDATA[NATIVE]]></trade_type>
<transaction_id><![CDATA[4008732001201702150039300792]]></transaction_id>
</xml>
[2017-02-15 19:42:25][debug] <xml><appid><![CDATA[wxf710583f433c07fe]]></appid>
<attach><![CDATA[菠萝灯（测试款不发货）]]></attach>
<bank_type><![CDATA[ICBC_DEBIT]]></bank_type>
<cash_fee><![CDATA[12]]></cash_fee>
<fee_type><![CDATA[CNY]]></fee_type>
<is_subscribe><![CDATA[N]]></is_subscribe>
<mch_id><![CDATA[1390471602]]></mch_id>
<nonce_str><![CDATA[bchht7emg35eagon7v880g7kgo2kl0sx]]></nonce_str>
<openid><![CDATA[ohj7es_ysrFdOUoER-u8o9rcrKa4]]></openid>
<out_trade_no><![CDATA[2017021573694]]></out_trade_no>
<result_code><![CDATA[SUCCESS]]></result_code>
<return_code><![CDATA[SUCCESS]]></return_code>
<sign><![CDATA[A6CAEF8FB84D9297AF756FF3ED322A39]]></sign>
<time_end><![CDATA[20170215163811]]></time_end>
<total_fee>12</total_fee>
<trade_type><![CDATA[NATIVE]]></trade_type>
<transaction_id><![CDATA[4004922001201702150038757647]]></transaction_id>
</xml>
[2017-02-15 19:44:42][debug] <xml><appid><![CDATA[wxf710583f433c07fe]]></appid>
<attach><![CDATA[菠萝灯（测试款不发货）]]></attach>
<bank_type><![CDATA[ICBC_DEBIT]]></bank_type>
<cash_fee><![CDATA[12]]></cash_fee>
<fee_type><![CDATA[CNY]]></fee_type>
<is_subscribe><![CDATA[N]]></is_subscribe>
<mch_id><![CDATA[1390471602]]></mch_id>
<nonce_str><![CDATA[8m2e51pcq8kym8107ki1an2xf7g47ml4]]></nonce_str>
<openid><![CDATA[ohj7es_ysrFdOUoER-u8o9rcrKa4]]></openid>
<out_trade_no><![CDATA[2017021506860]]></out_trade_no>
<result_code><![CDATA[SUCCESS]]></result_code>
<return_code><![CDATA[SUCCESS]]></return_code>
<sign><![CDATA[5D1711B88E5B8F633F1E1C9F2662C1DB]]></sign>
<time_end><![CDATA[20170215164029]]></time_end>
<total_fee>12</total_fee>
<trade_type><![CDATA[NATIVE]]></trade_type>
<transaction_id><![CDATA[4004922001201702150038779359]]></transaction_id>
</xml>
[2017-02-15 19:48:53][debug] <xml><appid><![CDATA[wxf710583f433c07fe]]></appid>
<attach><![CDATA[菠萝灯（测试款不发货）]]></attach>
<bank_type><![CDATA[ICBC_DEBIT]]></bank_type>
<cash_fee><![CDATA[12]]></cash_fee>
<fee_type><![CDATA[CNY]]></fee_type>
<is_subscribe><![CDATA[N]]></is_subscribe>
<mch_id><![CDATA[1390471602]]></mch_id>
<nonce_str><![CDATA[s65br3hfh9gp7v70w56bh4q4dvacx2cn]]></nonce_str>
<openid><![CDATA[ohj7es_ysrFdOUoER-u8o9rcrKa4]]></openid>
<out_trade_no><![CDATA[2017021537401]]></out_trade_no>
<result_code><![CDATA[SUCCESS]]></result_code>
<return_code><![CDATA[SUCCESS]]></return_code>
<sign><![CDATA[B26EDBC5C6089BDB9953A2CCE799BA45]]></sign>
<time_end><![CDATA[20170215164443]]></time_end>
<total_fee>12</total_fee>
<trade_type><![CDATA[NATIVE]]></trade_type>
<transaction_id><![CDATA[4004922001201702150036085621]]></transaction_id>
</xml>
[2017-02-15 20:03:05][debug] <xml><appid><![CDATA[wxf710583f433c07fe]]></appid>
<attach><![CDATA[菠萝灯（测试款不发货）]]></attach>
<bank_type><![CDATA[CFT]]></bank_type>
<cash_fee><![CDATA[20]]></cash_fee>
<fee_type><![CDATA[CNY]]></fee_type>
<is_subscribe><![CDATA[Y]]></is_subscribe>
<mch_id><![CDATA[1390471602]]></mch_id>
<nonce_str><![CDATA[uwh1ca5tnx6grjcc0rwqs0ijzye2sg54]]></nonce_str>
<openid><![CDATA[ohj7es9IPNfuZVszGVULOUjv8xFk]]></openid>
<out_trade_no><![CDATA[2017021560227]]></out_trade_no>
<result_code><![CDATA[SUCCESS]]></result_code>
<return_code><![CDATA[SUCCESS]]></return_code>
<sign><![CDATA[651B3FC3DB99EDBFDDA9DA53F02D465B]]></sign>
<time_end><![CDATA[20170215165849]]></time_end>
<total_fee>20</total_fee>
<trade_type><![CDATA[NATIVE]]></trade_type>
<transaction_id><![CDATA[4008732001201702150039300792]]></transaction_id>
</xml>
[2017-02-15 20:24:24][debug] <xml><appid><![CDATA[wxf710583f433c07fe]]></appid>
<attach><![CDATA[菠萝灯（测试款不发货）]]></attach>
<bank_type><![CDATA[CMB_DEBIT]]></bank_type>
<cash_fee><![CDATA[20]]></cash_fee>
<fee_type><![CDATA[CNY]]></fee_type>
<is_subscribe><![CDATA[Y]]></is_subscribe>
<mch_id><![CDATA[1390471602]]></mch_id>
<nonce_str><![CDATA[3guhc8bv2okma7jbj53ji9dafqe8t4ac]]></nonce_str>
<openid><![CDATA[ohj7es4AWOj1lq5gvKvDfFuHIxBk]]></openid>
<out_trade_no><![CDATA[2017021503343]]></out_trade_no>
<result_code><![CDATA[SUCCESS]]></result_code>
<return_code><![CDATA[SUCCESS]]></return_code>
<sign><![CDATA[3ED86D03033C2DE862CC20294C6E6AEF]]></sign>
<time_end><![CDATA[20170215202423]]></time_end>
<total_fee>20</total_fee>
<trade_type><![CDATA[JSAPI]]></trade_type>
<transaction_id><![CDATA[4000242001201702150068548358]]></transaction_id>
</xml>
[2017-02-15 20:24:24][debug] call back:{"appid":"wxf710583f433c07fe","attach":"\u83e0\u841d\u706f\uff08\u6d4b\u8bd5\u6b3e\u4e0d\u53d1\u8d27\uff09","bank_type":"CMB_DEBIT","cash_fee":"20","fee_type":"CNY","is_subscribe":"Y","mch_id":"1390471602","nonce_str":"3guhc8bv2okma7jbj53ji9dafqe8t4ac","openid":"ohj7es4AWOj1lq5gvKvDfFuHIxBk","out_trade_no":"2017021503343","result_code":"SUCCESS","return_code":"SUCCESS","sign":"3ED86D03033C2DE862CC20294C6E6AEF","time_end":"20170215202423","total_fee":"20","trade_type":"JSAPI","transaction_id":"4000242001201702150068548358"}
[2017-02-15 20:24:24][debug] query:{"appid":"wxf710583f433c07fe","attach":"\u83e0\u841d\u706f\uff08\u6d4b\u8bd5\u6b3e\u4e0d\u53d1\u8d27\uff09","bank_type":"CMB_DEBIT","cash_fee":"20","fee_type":"CNY","is_subscribe":"Y","mch_id":"1390471602","nonce_str":"4z3UxbxImRXR2skC","openid":"ohj7es4AWOj1lq5gvKvDfFuHIxBk","out_trade_no":"2017021503343","result_code":"SUCCESS","return_code":"SUCCESS","return_msg":"OK","sign":"92B1CF45F59EBE0189E0FF8DF933977D","time_end":"20170215202423","total_fee":"20","trade_state":"SUCCESS","trade_type":"JSAPI","transaction_id":"4000242001201702150068548358"}
